[master (root-commit) 195006e] otal of otalmax
 Committer: CS24000 Account <cs240@data.cs.purdue.edu>
Your name and email address were configured automatically based
on your username and hostname. Please check that they are accurate.
You can suppress this message by setting them explicitly:

    git config --global user.name "Your Name"
    git config --global user.email you@example.com

After doing this, you may fix the identity used for this commit with:

    git commit --amend --reset-author

 11 files changed, 811 insertions(+)
 create mode 100644 .local.git.out
 create mode 100644 HashTableVoid.cc
 create mode 100644 HashTableVoid.h
 create mode 100755 HashTableVoidTest
 create mode 100644 HashTableVoidTest.cc
 create mode 100755 IRCServer
 create mode 100644 IRCServer.cc
 create mode 100644 IRCServer.h
 create mode 100755 Makefile
 create mode 100755 talk-server
 create mode 100755 testall
[master 31a87fe] 0 of 12
 Committer: CS24000 Account <cs240@data.cs.purdue.edu>
Your name and email address were configured automatically based
on your username and hostname. Please check that they are accurate.
You can suppress this message by setting them explicitly:

    git config --global user.name "Your Name"
    git config --global user.email you@example.com

After doing this, you may fix the identity used for this commit with:

    git commit --amend --reset-author

 5 files changed, 35 insertions(+)
 create mode 100644 .local.total.out
 create mode 100644 diff.out
 create mode 100644 total.out
 create mode 100644 total.txt
[master 3f7cda3] otal of otalmax
 Committer: CS24000 Account <cs240@data.cs.purdue.edu>
Your name and email address were configured automatically based
on your username and hostname. Please check that they are accurate.
You can suppress this message by setting them explicitly:

    git config --global user.name "Your Name"
    git config --global user.email you@example.com

After doing this, you may fix the identity used for this commit with:

    git commit --amend --reset-author

 3 files changed, 18 insertions(+), 2 deletions(-)
 rename diff.out => none (100%)
 delete mode 100644 total.out
[master d546088] 12 of 12
 Committer: CS24000 Account <cs240@data.cs.purdue.edu>
Your name and email address were configured automatically based
on your username and hostname. Please check that they are accurate.
You can suppress this message by setting them explicitly:

    git config --global user.name "Your Name"
    git config --global user.email you@example.com

After doing this, you may fix the identity used for this commit with:

    git commit --amend --reset-author

 7 files changed, 26 insertions(+), 6 deletions(-)
 create mode 100644 diff.out
 create mode 100644 prog.org.out
 create mode 100644 prog.out
 create mode 100644 total.out
[master 0c99a0a] otal of otalmax
 Committer: CS24000 Account <cs240@data.cs.purdue.edu>
Your name and email address were configured automatically based
on your username and hostname. Please check that they are accurate.
You can suppress this message by setting them explicitly:

    git config --global user.name "Your Name"
    git config --global user.email you@example.com

After doing this, you may fix the identity used for this commit with:

    git commit --amend --reset-author

 6 files changed, 18 insertions(+), 2 deletions(-)
 create mode 100755 HashTableVoidTest.org
 delete mode 100644 diff.out
 delete mode 100644 prog.org.out
 delete mode 100644 prog.out
 delete mode 100644 total.out
[master e4c08cd] 0 of 12
 Committer: CS24000 Account <cs240@data.cs.purdue.edu>
Your name and email address were configured automatically based
on your username and hostname. Please check that they are accurate.
You can suppress this message by setting them explicitly:

    git config --global user.name "Your Name"
    git config --global user.email you@example.com

After doing this, you may fix the identity used for this commit with:

    git commit --amend --reset-author

 7 files changed, 32 insertions(+), 6 deletions(-)
 create mode 100644 diff.out
 create mode 100644 prog.org.out
 create mode 100644 prog.out
 create mode 100644 total.out
[master e7d364c] otal of otalmax
 Committer: CS24000 Account <cs240@data.cs.purdue.edu>
Your name and email address were configured automatically based
on your username and hostname. Please check that they are accurate.
You can suppress this message by setting them explicitly:

    git config --global user.name "Your Name"
    git config --global user.email you@example.com

After doing this, you may fix the identity used for this commit with:

    git commit --amend --reset-author

 5 files changed, 18 insertions(+), 5 deletions(-)
 delete mode 100644 diff.out
 delete mode 100644 prog.org.out
 delete mode 100644 prog.out
 delete mode 100644 total.out
[master a203c20] 0 of 12
 Committer: CS24000 Account <cs240@data.cs.purdue.edu>
Your name and email address were configured automatically based
on your username and hostname. Please check that they are accurate.
You can suppress this message by setting them explicitly:

    git config --global user.name "Your Name"
    git config --global user.email you@example.com

After doing this, you may fix the identity used for this commit with:

    git commit --amend --reset-author

 6 files changed, 25 insertions(+)
 create mode 100644 diff.out
 create mode 100644 prog.org.out
 create mode 100644 prog.out
 create mode 100644 total.out
[master ce9b998] otal of otalmax
 Committer: CS24000 Account <cs240@data.cs.purdue.edu>
Your name and email address were configured automatically based
on your username and hostname. Please check that they are accurate.
You can suppress this message by setting them explicitly:

    git config --global user.name "Your Name"
    git config --global user.email you@example.com

After doing this, you may fix the identity used for this commit with:

    git commit --amend --reset-author

 5 files changed, 18 insertions(+), 5 deletions(-)
 delete mode 100644 diff.out
 delete mode 100644 prog.org.out
 delete mode 100644 prog.out
 delete mode 100644 total.out
[master 504054b] 0 of 12
 Committer: CS24000 Account <cs240@data.cs.purdue.edu>
Your name and email address were configured automatically based
on your username and hostname. Please check that they are accurate.
You can suppress this message by setting them explicitly:

    git config --global user.name "Your Name"
    git config --global user.email you@example.com

After doing this, you may fix the identity used for this commit with:

    git commit --amend --reset-author

 6 files changed, 25 insertions(+)
 create mode 100644 diff.out
 create mode 100644 prog.org.out
 create mode 100644 prog.out
 create mode 100644 total.out
[master 90582f4] Make IRCServer
 8 files changed, 19 insertions(+), 6 deletions(-)
 delete mode 100644 diff.out
 delete mode 100644 prog.org.out
 delete mode 100644 prog.out
 delete mode 100644 total.out
[master a3bae8a] 0 of 12
 6 files changed, 13 insertions(+)
 create mode 100644 diff.out
 create mode 100644 prog.org.out
 create mode 100644 prog.out
 create mode 100644 total.out
[master 972453d] Make IRCServer
 9 files changed, 26 insertions(+), 17 deletions(-)
 create mode 100644 .HashTableVoid.cc.swp
 rewrite HashTableVoidTest (68%)
 delete mode 100644 diff.out
 delete mode 100644 prog.org.out
 delete mode 100644 prog.out
 delete mode 100644 total.out
[master 8012f60] 0 of 12
 6 files changed, 15 insertions(+)
 create mode 100644 diff.out
 create mode 100644 prog.org.out
 create mode 100644 prog.out
 create mode 100644 total.out
[master 95c523e] Make IRCServer
 8 files changed, 90 insertions(+), 12 deletions(-)
 rewrite HashTableVoidTest (84%)
 delete mode 100644 diff.out
 delete mode 100644 prog.org.out
 delete mode 100644 prog.out
 delete mode 100644 total.out
[master dd0df53] 8 of 12
 7 files changed, 17 insertions(+), 4 deletions(-)
 create mode 100644 diff.out
 create mode 100644 prog.org.out
 create mode 100644 prog.out
 create mode 100644 total.out
[master 7ba037c] Make IRCServer
 8 files changed, 29 insertions(+), 4 deletions(-)
 delete mode 100644 diff.out
 delete mode 100644 prog.org.out
 delete mode 100644 prog.out
 delete mode 100644 total.out
[master 56cf526] 8 of 12
 6 files changed, 12 insertions(+)
 create mode 100644 diff.out
 create mode 100644 prog.org.out
 create mode 100644 prog.out
 create mode 100644 total.out
[master cb1c6a5] Make IRCServer
 9 files changed, 26 insertions(+), 18 deletions(-)
 delete mode 100644 .HashTableVoid.cc.swp
 delete mode 100644 diff.out
 delete mode 100644 prog.org.out
 delete mode 100644 prog.out
 delete mode 100644 total.out
[master 45ca44d] 8 of 12
 6 files changed, 13 insertions(+)
 create mode 100644 diff.out
 create mode 100644 prog.org.out
 create mode 100644 prog.out
 create mode 100644 total.out
[master 5f3dd10] Make IRCServer
 8 files changed, 19 insertions(+), 16 deletions(-)
 delete mode 100644 diff.out
 delete mode 100644 prog.org.out
 delete mode 100644 prog.out
 delete mode 100644 total.out
[master 9d35ea8] 12 of 12
 7 files changed, 14 insertions(+), 2 deletions(-)
 create mode 100644 diff.out
 create mode 100644 prog.org.out
 create mode 100644 prog.out
 create mode 100644 total.out
[master 1cace59] Make IRCServer
 5 files changed, 6 insertions(+), 4 deletions(-)
 delete mode 100644 diff.out
 delete mode 100644 prog.org.out
 delete mode 100644 prog.out
 delete mode 100644 total.out
[master 591fa99] 12 of 12
 6 files changed, 12 insertions(+)
 create mode 100644 diff.out
 create mode 100644 prog.org.out
 create mode 100644 prog.out
 create mode 100644 total.out
[master 6a79b5a] Make IRCServer
 2 files changed, 7 insertions(+), 1 deletion(-)
[master def3006] Make IRCServer
 5 files changed, 2 insertions(+), 4 deletions(-)
 delete mode 100644 diff.out
 delete mode 100644 prog.org.out
 delete mode 100644 prog.out
 delete mode 100644 total.out
[master d3c17e9] 12 of 12
 6 files changed, 12 insertions(+)
 create mode 100644 diff.out
 create mode 100644 prog.org.out
 create mode 100644 prog.out
 create mode 100644 total.out
[master 5944dd5] Make IRCServer
 7 files changed, 221 insertions(+), 1 deletion(-)
 create mode 100644 .HashTableVoid.cc.swp
 rewrite IRCServer (75%)
 create mode 100644 slist.c
 create mode 100644 slist.h
[master bd608f2] Make IRCServer
 8 files changed, 163 insertions(+), 15 deletions(-)
 delete mode 100644 .HashTableVoid.cc.swp
 rewrite IRCServer (76%)
 delete mode 100644 diff.out
 delete mode 100644 prog.org.out
 delete mode 100644 prog.out
 delete mode 100644 total.out
[master f49b26f] Make IRCServer
 3 files changed, 12 insertions(+)
[master b5e7987] Make IRCServer
 3 files changed, 8 insertions(+), 5 deletions(-)
[master 622234b] Make IRCServer
 3 files changed, 3 insertions(+), 1 deletion(-)
[master df9036e] Make IRCServer
 5 files changed, 14 insertions(+), 2 deletions(-)
 rewrite IRCServer (87%)
[master 910c10e] Make IRCServer
 3 files changed, 6 insertions(+)
[master 2e0ff3b] Make IRCServer
 4 files changed, 5 insertions(+), 3 deletions(-)
 rewrite IRCServer (88%)
[master df38e90] Make IRCServer
 4 files changed, 31 insertions(+), 28 deletions(-)
 rewrite IRCServer (64%)
[master e2b3168] Make IRCServer
 3 files changed, 7 insertions(+), 5 deletions(-)
[master 9029e9d] Make IRCServer
 3 files changed, 5 insertions(+), 51 deletions(-)
 rewrite IRCServer (61%)
[master 9a86c92] Make IRCServer
 3 files changed, 11 insertions(+)
[master ca90d6e] Make IRCServer
 4 files changed, 13 insertions(+), 1 deletion(-)
 create mode 100644 password.txt
[master 8029993] Make IRCServer
 4 files changed, 84 insertions(+), 4 deletions(-)
 rewrite IRCServer (66%)
[master dc27fb2] Make IRCServer
 3 files changed, 23 insertions(+)
 rewrite IRCServer (90%)
[master ca51329] Make IRCServer
 3 files changed, 6 insertions(+), 3 deletions(-)
 rewrite IRCServer (85%)
[master d9f38ba] Make IRCServer
 3 files changed, 4 insertions(+)
[master 8825ead] Make IRCServer
 3 files changed, 5 insertions(+), 2 deletions(-)
 rewrite IRCServer (77%)
[master a67d43a] Make IRCServer
 3 files changed, 5 insertions(+), 3 deletions(-)
[master c829353] Make IRCServer
 3 files changed, 3 insertions(+), 1 deletion(-)
[master 7868c3c] Make IRCServer
 4 files changed, 4 insertions(+)
 rewrite IRCServer (83%)
[master 11f11ca] Make IRCServer
 3 files changed, 4 insertions(+), 1 deletion(-)
[master 03fc093] Make IRCServer
 4 files changed, 15 insertions(+)
[master b06aa63] Make IRCServer
 3 files changed, 5 insertions(+), 3 deletions(-)
 rewrite IRCServer (72%)
[master 7dbe6a2] Make IRCServer
 3 files changed, 7 insertions(+)
[master c52d6ee] Make IRCServer
 3 files changed, 18 insertions(+), 2 deletions(-)
[master 6dcdd95] Make IRCServer
 3 files changed, 4 insertions(+), 2 deletions(-)
 rewrite IRCServer (86%)
[master fe83122] Make IRCServer
 3 files changed, 16 insertions(+), 7 deletions(-)
[master 2db2a28] Make IRCServer
 3 files changed, 3 insertions(+), 1 deletion(-)
 rewrite IRCServer (85%)
[master 5945032] Make IRCServer
 4 files changed, 24 insertions(+), 12 deletions(-)
 rewrite IRCServer (79%)
[master 4a99d62] Make IRCServer
 3 files changed, 16 insertions(+)
 rewrite IRCServer (84%)
[master 5d2f53d] Make IRCServer
 3 files changed, 6 insertions(+), 3 deletions(-)
[master 3f36abb] Make IRCServer
 2 files changed, 3 insertions(+), 1 deletion(-)
[master afca1fb] Make IRCServer
 3 files changed, 3 insertions(+), 1 deletion(-)
[master 22901ce] Make IRCServer
 3 files changed, 13 insertions(+), 8 deletions(-)
[master f9d3f39] Make IRCServer
 3 files changed, 5 insertions(+), 1 deletion(-)
[master 7d86ec8] Make IRCServer
 3 files changed, 3 insertions(+), 1 deletion(-)
[master 16fdf29] Make IRCServer
 3 files changed, 4 insertions(+), 2 deletions(-)
[master 511f63b] Make IRCServer
 3 files changed, 22 insertions(+), 7 deletions(-)
 rewrite IRCServer (85%)
[master 0b9eaf6] Make IRCServer
 3 files changed, 7 insertions(+), 3 deletions(-)
[master e481572] Make IRCServer
 4 files changed, 5 insertions(+), 1 deletion(-)
[master bd5c867] Make IRCServer
 3 files changed, 9 insertions(+), 3 deletions(-)
 rewrite IRCServer (68%)
[master a96936c] Make IRCServer
 6 files changed, 12 insertions(+), 7 deletions(-)
 rewrite IRCServer (73%)
[master efa321a] Make IRCServer
 4 files changed, 19 insertions(+), 11 deletions(-)
[master 8499f1a] Make IRCServer
 3 files changed, 6 insertions(+), 1 deletion(-)
 rewrite IRCServer (61%)
[master f1244f0] Make IRCServer
 3 files changed, 4 insertions(+), 1 deletion(-)
[master 9d24f32] Make IRCServer
 3 files changed, 12 insertions(+), 3 deletions(-)
 rewrite IRCServer (61%)
[master 1056d6c] Make IRCServer
 3 files changed, 32 insertions(+), 14 deletions(-)
[master 3293702] Make IRCServer
 3 files changed, 12 insertions(+)
[master e621fd4] Make IRCServer
 3 files changed, 18 insertions(+), 3 deletions(-)
[master 57add94] Make IRCServer
 3 files changed, 16 insertions(+), 2 deletions(-)
[master 372de64] Make IRCServer
 5 files changed, 20 insertions(+), 9 deletions(-)
[master a006777] Make IRCServer
 3 files changed, 62 insertions(+), 6 deletions(-)
 rewrite IRCServer (77%)
[master 140bbc9] Make IRCServer
 3 files changed, 73 insertions(+), 15 deletions(-)
 rewrite IRCServer (77%)
[master b4ac607] Make IRCServer
 3 files changed, 6 insertions(+), 3 deletions(-)
[master bf0cb12] Make IRCServer
 3 files changed, 3 insertions(+)
[master 2250923] Make IRCServer
 3 files changed, 4 insertions(+)
[master 608417b] Make IRCServer
 3 files changed, 3 insertions(+)
[master 6772d00] Make IRCServer
 3 files changed, 5 insertions(+)
[master 296cb07] Make IRCServer
 3 files changed, 3 insertions(+), 1 deletion(-)
[master 8313b4a] Make IRCServer
 3 files changed, 4 insertions(+), 3 deletions(-)
 rewrite IRCServer (64%)
[master 5faa7a8] Make IRCServer
 3 files changed, 6 insertions(+), 12 deletions(-)
 rewrite IRCServer (68%)
[master c656851] Make IRCServer
 3 files changed, 5 insertions(+), 2 deletions(-)
 rewrite IRCServer (70%)
[master feb048e] Make IRCServer
 3 files changed, 4 insertions(+), 1 deletion(-)
[master 193a5e4] Make IRCServer
 4 files changed, 38 insertions(+)
 rewrite IRCServer (72%)
[master 1b29171] Make IRCServer
 4 files changed, 26 insertions(+), 4 deletions(-)
 rewrite IRCServer (78%)
[master 12cd6f3] Make IRCServer
 1 file changed, 3 insertions(+)
[master bc39f0d] Make IRCServer
 5 files changed, 28 insertions(+), 12 deletions(-)
[master 3e047dd] Make IRCServer
 1 file changed, 2 insertions(+)
[master b3bf642] Make IRCServer
 3 files changed, 10 insertions(+), 3 deletions(-)
[master ec56291] Make IRCServer
 6 files changed, 72 insertions(+), 1 deletion(-)
[master d3a9eff] Make IRCServer
 3 files changed, 5 insertions(+)
 rewrite IRCServer (79%)
[master 67fa2ad] Make IRCServer
 14 files changed, 653 insertions(+), 18 deletions(-)
 create mode 100755 IRCServer.org
 create mode 100755 TestIRCServer
 create mode 100755 test-server1.sh
 create mode 100755 test-server10.sh
 create mode 100755 test-server2.sh
 create mode 100755 test-server3.sh
 create mode 100755 test-server4.sh
 create mode 100755 test-server5.sh
 create mode 100755 test-server6.sh
 create mode 100755 test-server7.sh
 create mode 100755 test-server8.sh
 create mode 100755 test-server9.sh
[master 7406d8b] 12 of 62
 9 files changed, 256 insertions(+), 2 deletions(-)
 create mode 100644 diff.out
 create mode 100644 prog.org.out
 create mode 100644 prog.out
 create mode 100644 talk-server.out
 create mode 100644 total.out
[master 66b85b8] Make IRCServer
 4 files changed, 14 insertions(+), 5 deletions(-)
[master b8e7df3] Make IRCServer
 3 files changed, 13 insertions(+), 2 deletions(-)
[master 56a2e2d] Make IRCServer
 6 files changed, 2 insertions(+), 221 deletions(-)
 delete mode 100644 diff.out
 delete mode 100644 prog.org.out
 delete mode 100644 prog.out
 delete mode 100644 talk-server.out
 delete mode 100644 total.out
[master cca0847] 12 of 62
 8 files changed, 246 insertions(+), 16 deletions(-)
 create mode 100644 diff.out
 create mode 100644 prog.org.out
 create mode 100644 prog.out
 create mode 100644 talk-server.out
 create mode 100644 total.out
 rewrite total.txt (63%)
[master 80ea6c2] Make IRCServer
 3 files changed, 33 insertions(+), 4 deletions(-)
[master c8f3be8] Make IRCServer
 6 files changed, 2 insertions(+), 221 deletions(-)
 delete mode 100644 diff.out
 delete mode 100644 prog.org.out
 delete mode 100644 prog.out
 delete mode 100644 talk-server.out
 delete mode 100644 total.out
[master c146681] 12 of 62
 8 files changed, 252 insertions(+), 16 deletions(-)
 create mode 100644 diff.out
 create mode 100644 prog.org.out
 create mode 100644 prog.out
 create mode 100644 talk-server.out
 create mode 100644 total.out
 rewrite total.txt (63%)
[master a676c42] Make IRCServer
 3 files changed, 8 insertions(+), 9 deletions(-)
[master 79363e6] Make IRCServer
 6 files changed, 2 insertions(+), 227 deletions(-)
 delete mode 100644 diff.out
 delete mode 100644 prog.org.out
 delete mode 100644 prog.out
 delete mode 100644 talk-server.out
 delete mode 100644 total.out
[master 9de76eb] 12 of 62
 8 files changed, 243 insertions(+), 16 deletions(-)
 create mode 100644 diff.out
 create mode 100644 prog.org.out
 create mode 100644 prog.out
 create mode 100644 talk-server.out
 create mode 100644 total.out
 rewrite total.txt (63%)
[master 4d125f6] Make IRCServer
 3 files changed, 15 insertions(+), 1 deletion(-)
[master fc256cc] Make IRCServer
 6 files changed, 2 insertions(+), 218 deletions(-)
 delete mode 100644 diff.out
 delete mode 100644 prog.org.out
 delete mode 100644 prog.out
 delete mode 100644 talk-server.out
 delete mode 100644 total.out
[master 0230b1f] 12 of 62
 8 files changed, 242 insertions(+), 16 deletions(-)
 create mode 100644 diff.out
 create mode 100644 prog.org.out
 create mode 100644 prog.out
 create mode 100644 talk-server.out
 create mode 100644 total.out
 rewrite total.txt (63%)
[master a38f859] Make IRCServer
 7 files changed, 14 insertions(+), 217 deletions(-)
 delete mode 100644 diff.out
 create mode 100644 out.txt
 delete mode 100644 prog.org.out
 delete mode 100644 prog.out
 delete mode 100644 talk-server.out
 delete mode 100644 total.out
[master ea052c5] 12 of 62
 8 files changed, 2089 insertions(+)
 create mode 100644 diff.out
 create mode 100644 prog.org.out
 create mode 100644 prog.out
 create mode 100644 talk-server.out
 create mode 100644 total.out
[master 8eaeeb4] Make IRCServer
 3 files changed, 17 insertions(+), 1 deletion(-)
[master bb724d6] Make IRCServer
 6 files changed, 2 insertions(+), 217 deletions(-)
 delete mode 100644 diff.out
 delete mode 100644 prog.org.out
 delete mode 100644 prog.out
 delete mode 100644 talk-server.out
 delete mode 100644 total.out
[master 543a0b1] 17 of 62
 8 files changed, 226 insertions(+), 1 deletion(-)
 create mode 100644 diff.out
 create mode 100644 prog.org.out
 create mode 100644 prog.out
 create mode 100644 talk-server.out
 create mode 100644 total.out
[master f690169] Make IRCServer
 3 files changed, 9 insertions(+), 2 deletions(-)
 rewrite IRCServer (79%)
[master 2ef552d] Make IRCServer
 3 files changed, 4 insertions(+), 1 deletion(-)
[master aaae0ad] Make IRCServer
 3 files changed, 14 insertions(+)
[master dd45be9] Make IRCServer
 3 files changed, 4 insertions(+), 2 deletions(-)
 rewrite IRCServer (83%)
[master bbb9bf6] Make IRCServer
 4 files changed, 10 insertions(+), 10 deletions(-)
[master 36fabaa] Make IRCServer
 4 files changed, 4 insertions(+), 2 deletions(-)
[master e5d0b1a] Make IRCServer
 8 files changed, 2 insertions(+), 217 deletions(-)
 delete mode 100644 diff.out
 delete mode 100644 prog.org.out
 delete mode 100644 prog.out
 delete mode 100644 talk-server.out
 delete mode 100644 total.out
[master 4fb0d60] 17 of 62
 9 files changed, 250 insertions(+), 20 deletions(-)
 create mode 100644 diff.out
 create mode 100644 prog.org.out
 create mode 100644 prog.out
 create mode 100644 talk-server.out
 create mode 100644 total.out
 rewrite total.txt (63%)
[master c33dfdd] Make IRCServer
 5 files changed, 25 insertions(+), 51 deletions(-)
[master b08b440] Make IRCServer
 6 files changed, 2 insertions(+), 216 deletions(-)
 delete mode 100644 diff.out
 delete mode 100644 prog.org.out
 delete mode 100644 prog.out
 delete mode 100644 talk-server.out
 delete mode 100644 total.out
[master 6fe6560] 17 of 62
 8 files changed, 241 insertions(+), 16 deletions(-)
 create mode 100644 diff.out
 create mode 100644 prog.org.out
 create mode 100644 prog.out
 create mode 100644 talk-server.out
 create mode 100644 total.out
 rewrite total.txt (63%)
[master 9006102] Make IRCServer
 7 files changed, 14 insertions(+), 2084 deletions(-)
 delete mode 100644 diff.out
 rewrite out.txt (99%)
 delete mode 100644 prog.org.out
 delete mode 100644 prog.out
 delete mode 100644 talk-server.out
 delete mode 100644 total.out
[master dce0282] 17 of 62
 9 files changed, 1934 insertions(+), 16 deletions(-)
 create mode 100644 diff.out
 create mode 100644 prog.org.out
 create mode 100644 prog.out
 create mode 100644 talk-server.out
 create mode 100644 total.out
 rewrite total.txt (63%)
[master 367c49d] Make IRCServer
 3 files changed, 10 insertions(+)
[master 098b5ff] Make IRCServer
 6 files changed, 2 insertions(+), 216 deletions(-)
 delete mode 100644 diff.out
 delete mode 100644 prog.org.out
 delete mode 100644 prog.out
 delete mode 100644 talk-server.out
 delete mode 100644 total.out
[master db0c4ff] 27 of 62
 8 files changed, 241 insertions(+), 16 deletions(-)
 create mode 100644 diff.out
 create mode 100644 prog.org.out
 create mode 100644 prog.out
 create mode 100644 talk-server.out
 create mode 100644 total.out
 rewrite total.txt (63%)
[master a691813] Make IRCServer
 7 files changed, 14 insertions(+), 1914 deletions(-)
 delete mode 100644 diff.out
 rewrite out.txt (99%)
 delete mode 100644 prog.org.out
 delete mode 100644 prog.out
 delete mode 100644 talk-server.out
 delete mode 100644 total.out
[master be34401] 27 of 62
 9 files changed, 1818 insertions(+), 16 deletions(-)
 create mode 100644 diff.out
 create mode 100644 prog.org.out
 create mode 100644 prog.out
 create mode 100644 talk-server.out
 create mode 100644 total.out
 rewrite total.txt (63%)
[master f0a38a2] Make IRCServer
 3 files changed, 10 insertions(+)
[master 9f0ed0e] Make IRCServer
 6 files changed, 2 insertions(+), 216 deletions(-)
 delete mode 100644 diff.out
 delete mode 100644 prog.org.out
 delete mode 100644 prog.out
 delete mode 100644 talk-server.out
 delete mode 100644 total.out
[master 4f242c9] 37 of 62
 8 files changed, 241 insertions(+), 16 deletions(-)
 create mode 100644 diff.out
 create mode 100644 prog.org.out
 create mode 100644 prog.out
 create mode 100644 talk-server.out
 create mode 100644 total.out
 rewrite total.txt (63%)
[master c768efb] Make IRCServer
 3 files changed, 9 insertions(+), 1 deletion(-)
[master f5a2bbe] Make IRCServer
 6 files changed, 2 insertions(+), 216 deletions(-)
 delete mode 100644 diff.out
 delete mode 100644 prog.org.out
 delete mode 100644 prog.out
 delete mode 100644 talk-server.out
 delete mode 100644 total.out
[master 1cb6b04] 42 of 62
 8 files changed, 241 insertions(+), 16 deletions(-)
 create mode 100644 diff.out
 create mode 100644 prog.org.out
 create mode 100644 prog.out
 create mode 100644 talk-server.out
 create mode 100644 total.out
 rewrite total.txt (63%)
[master 91fe024] Make IRCServer
 7 files changed, 14 insertions(+), 1798 deletions(-)
 delete mode 100644 diff.out
 rewrite out.txt (99%)
 delete mode 100644 prog.org.out
 delete mode 100644 prog.out
 delete mode 100644 talk-server.out
 delete mode 100644 total.out
[master 92448a1] 42 of 62
 9 files changed, 1595 insertions(+), 16 deletions(-)
 create mode 100644 diff.out
 create mode 100644 prog.org.out
 create mode 100644 prog.out
 create mode 100644 talk-server.out
 create mode 100644 total.out
 rewrite total.txt (63%)
[master 68c0b15] Make IRCServer
 3 files changed, 11 insertions(+)
[master 571c18b] Make IRCServer
 7 files changed, 8 insertions(+), 1575 deletions(-)
 delete mode 100644 diff.out
 rewrite out.txt (98%)
 delete mode 100644 prog.org.out
 delete mode 100644 prog.out
 delete mode 100644 talk-server.out
 delete mode 100644 total.out
[master 054fc01] 52 of 62
 9 files changed, 1348 insertions(+), 2 deletions(-)
 create mode 100644 diff.out
 create mode 100644 prog.org.out
 create mode 100644 prog.out
 create mode 100644 talk-server.out
 create mode 100644 total.out
[master ab14c6e] Make IRCServer
 3 files changed, 12 insertions(+)
[master 0d11b2e] Make IRCServer
 6 files changed, 2 insertions(+), 216 deletions(-)
 delete mode 100644 diff.out
 delete mode 100644 prog.org.out
 delete mode 100644 prog.out
 delete mode 100644 talk-server.out
 delete mode 100644 total.out
[master ca26cf3] 52 of 62
 8 files changed, 241 insertions(+), 16 deletions(-)
 create mode 100644 diff.out
 create mode 100644 prog.org.out
 create mode 100644 prog.out
 create mode 100644 talk-server.out
 create mode 100644 total.out
 rewrite total.txt (63%)
[master 95f326d] Make IRCServer
 3 files changed, 12 insertions(+), 4 deletions(-)
[master 49d8ede] Make IRCServer
 6 files changed, 2 insertions(+), 216 deletions(-)
 delete mode 100644 diff.out
 delete mode 100644 prog.org.out
 delete mode 100644 prog.out
 delete mode 100644 talk-server.out
 delete mode 100644 total.out
[master 2e0d70e] 57 of 62
 8 files changed, 241 insertions(+), 16 deletions(-)
 create mode 100644 diff.out
 create mode 100644 prog.org.out
 create mode 100644 prog.out
 create mode 100644 talk-server.out
 create mode 100644 total.out
 rewrite total.txt (63%)
[master 8506356] Make IRCServer
 3 files changed, 16 insertions(+)
[master 5dc66ce] Make IRCServer
 6 files changed, 2 insertions(+), 216 deletions(-)
 delete mode 100644 diff.out
 delete mode 100644 prog.org.out
 delete mode 100644 prog.out
 delete mode 100644 talk-server.out
 delete mode 100644 total.out
[master 6daade6] 62 of 62
 8 files changed, 241 insertions(+), 16 deletions(-)
 create mode 100644 diff.out
 create mode 100644 prog.org.out
 create mode 100644 prog.out
 create mode 100644 talk-server.out
 create mode 100644 total.out
 rewrite total.txt (63%)
[master df7ef97] Make IRCServer
 9 files changed, 8 insertions(+), 216 deletions(-)
 rewrite IRCServer.org (84%)
 delete mode 100644 diff.out
 delete mode 100644 prog.org.out
 delete mode 100644 prog.out
 delete mode 100644 talk-server.out
 delete mode 100644 total.out
[master 8f59174] 47 of 62
 8 files changed, 242 insertions(+), 16 deletions(-)
 create mode 100644 diff.out
 create mode 100644 prog.org.out
 create mode 100644 prog.out
 create mode 100644 talk-server.out
 create mode 100644 total.out
 rewrite total.txt (63%)
[master b3397d7] Make IRCServer
 7 files changed, 14 insertions(+), 1342 deletions(-)
 delete mode 100644 diff.out
 rewrite out.txt (98%)
 delete mode 100644 prog.org.out
 delete mode 100644 prog.out
 delete mode 100644 talk-server.out
 delete mode 100644 total.out
[master 5c14431] 47 of 62
 8 files changed, 1527 insertions(+)
 create mode 100644 diff.out
 create mode 100644 prog.org.out
 create mode 100644 prog.out
 create mode 100644 talk-server.out
 create mode 100644 total.out
[master ca2266c] Make IRCServer
 8 files changed, 10 insertions(+), 219 deletions(-)
 delete mode 100644 diff.out
 delete mode 100644 prog.org.out
 delete mode 100644 prog.out
 delete mode 100644 talk-server.out
 delete mode 100644 total.out
[master 5a9e207] Make IRCServer
 2 files changed, 13 insertions(+), 1307 deletions(-)
 rewrite out.txt (98%)
[master 248a8e9] 57 of 62
 9 files changed, 1291 insertions(+), 2 deletions(-)
 create mode 100644 diff.out
 create mode 100644 prog.org.out
 create mode 100644 prog.out
 create mode 100644 talk-server.out
 create mode 100644 total.out
[master 4c717f0] Make IRCServer
 9 files changed, 14 insertions(+), 1291 deletions(-)
 delete mode 100644 diff.out
 rewrite out.txt (98%)
 delete mode 100644 prog.org.out
 delete mode 100644 prog.out
 delete mode 100644 talk-server.out
 delete mode 100644 total.out
[master dd5f0de] 62 of 62
 9 files changed, 1151 insertions(+), 1 deletion(-)
 create mode 100644 diff.out
 create mode 100644 prog.org.out
 create mode 100644 prog.out
 create mode 100644 talk-server.out
 create mode 100644 total.out
[master 03115a6] Make IRCServer
 9 files changed, 23 insertions(+), 216 deletions(-)
 delete mode 100644 diff.out
 delete mode 100644 prog.org.out
 delete mode 100644 prog.out
 delete mode 100644 talk-server.out
 delete mode 100644 total.out
[master 4164fd6] 62 of 62
 8 files changed, 225 insertions(+), 15 deletions(-)
 create mode 100644 diff.out
 create mode 100644 prog.org.out
 create mode 100644 prog.out
 create mode 100644 talk-server.out
 create mode 100644 total.out
[master a714f65] Make IRCServer
 8 files changed, 22 insertions(+), 216 deletions(-)
 create mode 100755 .nfs0000000003778ebd00003d91
 delete mode 100644 diff.out
 delete mode 100644 prog.org.out
 delete mode 100644 prog.out
 delete mode 100644 talk-server.out
 delete mode 100644 total.out
[master 803cf3d] 62 of 62
 10 files changed, 266 insertions(+), 31 deletions(-)
 create mode 100644 .nfs0000000003778ecf00003d92
 create mode 100644 diff.out
 create mode 100644 prog.org.out
 create mode 100644 prog.out
 create mode 100644 talk-server.out
 create mode 100644 total.out
 rewrite total.txt (63%)
